[debug] ----------------------------------------------------------------------
[debug] Command:      /Users/maxwellsands/.nvm/versions/node/v6.2.2/bin/node /Users/maxwellsands/.nvm/versions/node/v6.2.2/bin/firebase serve
[debug] CLI Version:  3.0.8
[debug] Platform:     darwin
[debug] Node Version: v6.2.2
[debug] Time:         Sun Oct 09 2016 15:02:58 GMT-0600 (MDT)
[debug] ----------------------------------------------------------------------
[debug] 
[info] Starting Firebase development server...
[info] 
[info] Project Directory: /Users/maxwellsands/Desktop/fms-ang
[info] Public Directory: public
[info] 
[info] Server listening at: http://localhost:5000
[debug] ----------------------------------------------------------------------
[debug] Command:      /Users/maxwellsands/.nvm/versions/node/v6.2.2/bin/node /Users/maxwellsands/.nvm/versions/node/v6.2.2/bin/firebase serve
[debug] CLI Version:  3.0.8
[debug] Platform:     darwin
[debug] Node Version: v6.2.2
[debug] Time:         Mon Oct 10 2016 17:53:36 GMT-0600 (MDT)
[debug] ----------------------------------------------------------------------
[debug] 
[info] Starting Firebase development server...
[info] 
[info] Project Directory: /Users/maxwellsands/Desktop/fms-ang
[info] Public Directory: public
[info] 
[info] Server listening at: http://localhost:5000
[debug] ----------------------------------------------------------------------
[debug] Command:      /Users/maxwellsands/.nvm/versions/node/v6.2.2/bin/node /Users/maxwellsands/.nvm/versions/node/v6.2.2/bin/firebase serve
[debug] CLI Version:  3.0.8
[debug] Platform:     darwin
[debug] Node Version: v6.2.2
[debug] Time:         Wed Oct 12 2016 13:04:44 GMT-0600 (MDT)
[debug] ----------------------------------------------------------------------
[debug] 
[info] Starting Firebase development server...
[info] 
[info] Project Directory: /Users/maxwellsands/Desktop/fms-ang
[info] Public Directory: public
[info] 
[info] Server listening at: http://localhost:5000
